2022-04-08 21:54:30.473  INFO 1173258 --- [main] o.o.d.a.r.DashboardApplicationTests      : Starting DashboardApplicationTests using Java 11.0.13 on grover2017 with PID 1173258 (started by acdhirr in /home/acdhirr/JavaProjects2017/oapendashboard)
2022-04-08 21:54:30.475  INFO 1173258 --- [main] o.o.d.a.r.DashboardApplicationTests      : The following profiles are active: prod
2022-04-08 21:54:32.506  INFO 1173258 --- [main] .s.d.r.c.RepositoryConfigurationDelegate : Multiple Spring Data modules found, entering strict repository configuration mode!
2022-04-08 21:54:32.507  INFO 1173258 --- [main] .s.d.r.c.RepositoryConfigurationDelegate : Bootstrapping Spring Data JPA repositories in DEFAULT mode.
2022-04-08 21:54:32.586  INFO 1173258 --- [main] .s.d.r.c.RepositoryConfigurationDelegate : Finished Spring Data repository scanning in 69 ms. Found 2 JPA repository interfaces.
2022-04-08 21:54:33.004  INFO 1173258 --- [main] .s.d.r.c.RepositoryConfigurationDelegate : Multiple Spring Data modules found, entering strict repository configuration mode!
2022-04-08 21:54:33.005  INFO 1173258 --- [main] .s.d.r.c.RepositoryConfigurationDelegate : Bootstrapping Spring Data JDBC repositories in DEFAULT mode.
2022-04-08 21:54:33.027  INFO 1173258 --- [main] .RepositoryConfigurationExtensionSupport : Spring Data JDBC - Could not safely identify store assignment for repository candidate interface org.oapen.dashboard.management.IpRangeRepository. If you want this repository to be a JDBC repository, consider annotating your entities with one of these annotations: org.springframework.data.relational.core.mapping.Table.
2022-04-08 21:54:33.032  INFO 1173258 --- [main] .RepositoryConfigurationExtensionSupport : Spring Data JDBC - Could not safely identify store assignment for repository candidate interface org.oapen.dashboard.management.UserRepository. If you want this repository to be a JDBC repository, consider annotating your entities with one of these annotations: org.springframework.data.relational.core.mapping.Table.
2022-04-08 21:54:33.032  INFO 1173258 --- [main] .s.d.r.c.RepositoryConfigurationDelegate : Finished Spring Data repository scanning in 26 ms. Found 0 JDBC repository interfaces.
2022-04-08 21:54:34.950  INFO 1173258 --- [main] o.e.i.i.store.disk.OffHeapDiskStore      : The index for data file ehcache-disk-store.data is more recent than the data file itself by 385596ms : this is harmless.
2022-04-08 21:54:35.016  INFO 1173258 --- [main] org.ehcache.core.EhcacheManager          : Cache 'eventCountPerItemCache' created in EhcacheManager.
2022-04-08 21:54:35.074  INFO 1173258 --- [main] .e.s.o.t.o.p.UpfrontAllocatingPageSource : Allocating 1MB in chunks
2022-04-08 21:54:35.096  INFO 1173258 --- [main] org.ehcache.core.EhcacheManager          : Cache 'lookupCacheDaily' created in EhcacheManager.
2022-04-08 21:54:35.108  INFO 1173258 --- [main] o.e.i.i.store.disk.OffHeapDiskStore      : The index for data file ehcache-disk-store.data is more recent than the data file itself by 385585ms : this is harmless.
2022-04-08 21:54:35.117  INFO 1173258 --- [main] org.ehcache.core.EhcacheManager          : Cache 'eventCountPerRegionCache' created in EhcacheManager.
2022-04-08 21:54:35.125  INFO 1173258 --- [main] o.e.i.i.store.disk.OffHeapDiskStore      : The index for data file ehcache-disk-store.data is more recent than the data file itself by 129613814ms : this is harmless.
2022-04-08 21:54:35.134  INFO 1173258 --- [main] org.ehcache.core.EhcacheManager          : Cache 'eventCountPerCountryCache' created in EhcacheManager.
2022-04-08 21:54:35.150  INFO 1173258 --- [main] .e.s.o.t.o.p.UpfrontAllocatingPageSource : Allocating 10.0MB in chunks
2022-04-08 21:54:35.172  INFO 1173258 --- [main] org.ehcache.core.EhcacheManager          : Cache 'lookupCache' created in EhcacheManager.
2022-04-08 21:54:35.314  INFO 1173258 --- [main] org.ehcache.jsr107.Eh107CacheManager     : Registering Ehcache MBean javax.cache:type=CacheStatistics,CacheManager=file./home/acdhirr/JavaProjects2017/oapendashboard/target/classes/ehcache.xml,Cache=eventCountPerItemCache
2022-04-08 21:54:35.318  INFO 1173258 --- [main] org.ehcache.jsr107.Eh107CacheManager     : Registering Ehcache MBean javax.cache:type=CacheStatistics,CacheManager=file./home/acdhirr/JavaProjects2017/oapendashboard/target/classes/ehcache.xml,Cache=lookupCacheDaily
2022-04-08 21:54:35.320  INFO 1173258 --- [main] org.ehcache.jsr107.Eh107CacheManager     : Registering Ehcache MBean javax.cache:type=CacheStatistics,CacheManager=file./home/acdhirr/JavaProjects2017/oapendashboard/target/classes/ehcache.xml,Cache=eventCountPerRegionCache
2022-04-08 21:54:35.322  INFO 1173258 --- [main] org.ehcache.jsr107.Eh107CacheManager     : Registering Ehcache MBean javax.cache:type=CacheStatistics,CacheManager=file./home/acdhirr/JavaProjects2017/oapendashboard/target/classes/ehcache.xml,Cache=eventCountPerCountryCache
2022-04-08 21:54:35.324  INFO 1173258 --- [main] org.ehcache.jsr107.Eh107CacheManager     : Registering Ehcache MBean javax.cache:type=CacheStatistics,CacheManager=file./home/acdhirr/JavaProjects2017/oapendashboard/target/classes/ehcache.xml,Cache=lookupCache
2022-04-08 21:54:35.371  INFO 1173258 --- [main] org.ehcache.jsr107.Eh107CacheManager     : Registering Ehcache MBean javax.cache:type=CacheStatistics,CacheManager=file./home/acdhirr/JavaProjects2017/oapendashboard/target/classes/ehcache.xml,Cache=eventCountPerItemCache
2022-04-08 21:54:35.376  INFO 1173258 --- [main] org.ehcache.jsr107.Eh107CacheManager     : Registering Ehcache MBean javax.cache:type=CacheStatistics,CacheManager=file./home/acdhirr/JavaProjects2017/oapendashboard/target/classes/ehcache.xml,Cache=lookupCacheDaily
2022-04-08 21:54:35.379  INFO 1173258 --- [main] org.ehcache.jsr107.Eh107CacheManager     : Registering Ehcache MBean javax.cache:type=CacheStatistics,CacheManager=file./home/acdhirr/JavaProjects2017/oapendashboard/target/classes/ehcache.xml,Cache=eventCountPerRegionCache
2022-04-08 21:54:35.381  INFO 1173258 --- [main] org.ehcache.jsr107.Eh107CacheManager     : Registering Ehcache MBean javax.cache:type=CacheStatistics,CacheManager=file./home/acdhirr/JavaProjects2017/oapendashboard/target/classes/ehcache.xml,Cache=eventCountPerCountryCache
2022-04-08 21:54:35.383  INFO 1173258 --- [main] org.ehcache.jsr107.Eh107CacheManager     : Registering Ehcache MBean javax.cache:type=CacheStatistics,CacheManager=file./home/acdhirr/JavaProjects2017/oapendashboard/target/classes/ehcache.xml,Cache=lookupCache
2022-04-08 21:54:36.128  INFO 1173258 --- [main] o.hibernate.jpa.internal.util.LogHelper  : HHH000204: Processing PersistenceUnitInfo [name: default]
2022-04-08 21:54:36.250  INFO 1173258 --- [main] org.hibernate.Version                    : HHH000412: Hibernate ORM core version 5.6.3.Final
2022-04-08 21:54:36.445  INFO 1173258 --- [main] o.hibernate.annotations.common.Version   : HCANN000001: Hibernate Commons Annotations {5.1.2.Final}
2022-04-08 21:54:36.743  INFO 1173258 --- [main] org.hibernate.dialect.Dialect            : HHH000400: Using dialect: org.hibernate.dialect.MySQL8Dialect
2022-04-08 21:54:37.774  INFO 1173258 --- [main] o.h.e.t.j.p.i.JtaPlatformInitiator       : HHH000490: Using JtaPlatform implementation: [org.hibernate.engine.transaction.jta.platform.internal.NoJtaPlatform]
2022-04-08 21:54:37.785  INFO 1173258 --- [main] j.LocalContainerEntityManagerFactoryBean : Initialized JPA EntityManagerFactory for persistence unit 'default'
2022-04-08 21:54:38.119  WARN 1173258 --- [main] JpaBaseConfiguration$JpaWebConfiguration : spring.jpa.open-in-view is enabled by default. Therefore, database queries may be performed during view rendering. Explicitly configure spring.jpa.open-in-view to disable this warning
2022-04-08 21:54:39.387  INFO 1173258 --- [main] o.s.s.web.DefaultSecurityFilterChain     : Will secure any request with [org.springframework.security.web.context.request.async.WebAsyncManagerIntegrationFilter@49868df8, org.springframework.security.web.context.SecurityContextPersistenceFilter@7a14d8a4, org.springframework.security.web.header.HeaderWriterFilter@37e0614e, org.springframework.security.web.authentication.logout.LogoutFilter@7f680a9a, org.springframework.security.web.authentication.UsernamePasswordAuthenticationFilter@6a16ee0d, org.springframework.security.web.savedrequest.RequestCacheAwareFilter@50c99398, org.springframework.security.web.servletapi.SecurityContextHolderAwareRequestFilter@31d51518, org.springframework.security.web.authentication.AnonymousAuthenticationFilter@1ccdbae4, org.springframework.security.web.session.SessionManagementFilter@2926144f, org.springframework.security.web.access.ExceptionTranslationFilter@1ced1fb9, org.springframework.security.web.access.intercept.FilterSecurityInterceptor@3049dcac]
2022-04-08 21:54:40.298  INFO 1173258 --- [main] o.s.b.a.w.s.WelcomePageHandlerMapping    : Adding welcome page: class path resource [static/index.html]
2022-04-08 21:54:42.326  WARN 1173258 --- [main] o.s.data.convert.CustomConversions       : Registering converter from class java.time.OffsetDateTime to class org.springframework.data.jdbc.core.convert.JdbcValue as writing converter although it doesn't convert to a store-supported type! You might want to check your annotation setup at the converter implementation.
2022-04-08 21:54:42.598  INFO 1173258 --- [main] o.o.d.a.r.DashboardApplicationTests      : Started DashboardApplicationTests in 12.778 seconds (JVM running for 14.799)
2022-04-08 21:54:42.917  INFO 1173258 --- [SpringApplicationShutdownHook] j.LocalContainerEntityManagerFactoryBean : Closing JPA EntityManagerFactory for persistence unit 'default'
2022-04-08 21:54:42.980  INFO 1173258 --- [SpringApplicationShutdownHook] org.ehcache.core.EhcacheManager          : Cache 'eventCountPerItemCache' removed from EhcacheManager.
2022-04-08 21:54:42.992  INFO 1173258 --- [SpringApplicationShutdownHook] org.ehcache.core.EhcacheManager          : Cache 'lookupCacheDaily' removed from EhcacheManager.
2022-04-08 21:54:43.040  INFO 1173258 --- [SpringApplicationShutdownHook] org.ehcache.core.EhcacheManager          : Cache 'eventCountPerRegionCache' removed from EhcacheManager.
2022-04-08 21:54:43.087  INFO 1173258 --- [SpringApplicationShutdownHook] org.ehcache.core.EhcacheManager          : Cache 'eventCountPerCountryCache' removed from EhcacheManager.
2022-04-08 21:54:43.092  INFO 1173258 --- [SpringApplicationShutdownHook] org.ehcache.core.EhcacheManager          : Cache 'lookupCache' removed from EhcacheManager.
